DEBUG 2024-06-27 14:47:34.754 UTC: 	 CRAB Client version: v3.240416
DEBUG 2024-06-27 14:47:34.755 UTC: 	 Running on: Linux tamsa2 3.10.0-1160.15.2.el7.x86_64 #1 SMP Wed Feb 3 15:06:38 UTC 2021 x86_64 x86_64 x86_64 GNU/Linux - CentOS Linux 7 (Core)
DEBUG 2024-06-27 14:47:34.755 UTC: 	 Executing command: 'submit'
DEBUG 2024-06-27 14:47:34.755 UTC: 	 Found CRAB cache file /home/yeonjoon/.crab3
DEBUG 2024-06-27 14:47:34.757 UTC: 	 Will use CRAB plugin ANALYSIS (i.e. will run an analysis job type).
DEBUG 2024-06-27 15:11:13.601 UTC: 	 CRAB Client version: v3.240416
DEBUG 2024-06-27 15:11:13.602 UTC: 	 Running on: Linux tamsa2 3.10.0-1160.15.2.el7.x86_64 #1 SMP Wed Feb 3 15:06:38 UTC 2021 x86_64 x86_64 x86_64 GNU/Linux - CentOS Linux 7 (Core)
DEBUG 2024-06-27 15:11:13.602 UTC: 	 Executing command: 'kill'
DEBUG 2024-06-27 15:11:13.602 UTC: 	 Found CRAB cache file /home/yeonjoon/.crab3
ERROR 2024-06-27 15:11:13.604 UTC: 	 Cannot find .requestcache file in CRAB project directory /data6/Users/yeonjoon/NanoAODToolsForDummy/CMSSW_13_0_10/src/NanoAODToolsForDummy/crab_projects/crab_2022_QCDB-4Jets_HT-40to100_TuneCP5_13p6TeV_madgraphMLM-pythia8
ERROR 2024-06-27 15:11:13.605 UTC: 	 Caught ClientException exception
Traceback (most recent call last):
  File "/cvmfs/cms.cern.ch/share/cms/crab-prod/v3.240416.00/bin/crab.py", line 152, in <module>
    client()
  File "/cvmfs/cms.cern.ch/share/cms/crab-prod/v3.240416.00/bin/crab.py", line 135, in __call__
    self.cmd = sub_cmd(self.logger, args[1:])
  File "/cvmfs/cms.cern.ch/share/cms/crab-prod/v3.240416.00/lib/CRABClient/Commands/SubCommand.py", line 280, in __init__
    SubCommand.validateOptions(self)
  File "/cvmfs/cms.cern.ch/share/cms/crab-prod/v3.240416.00/lib/CRABClient/Commands/SubCommand.py", line 684, in validateOptions
    self.loadLocalCache()
  File "/cvmfs/cms.cern.ch/share/cms/crab-prod/v3.240416.00/lib/CRABClient/Commands/SubCommand.py", line 531, in loadLocalCache
    raise ex
  File "/cvmfs/cms.cern.ch/share/cms/crab-prod/v3.240416.00/lib/CRABClient/Commands/SubCommand.py", line 525, in loadLocalCache
    self.cachedinfo, self.logfile = loadCache(self.requestarea, self.logger)
  File "/cvmfs/cms.cern.ch/share/cms/crab-prod/v3.240416.00/lib/CRABClient/ClientUtilities.py", line 445, in loadCache
    raise CachefileNotFoundException(msg)
CRABClient.ClientExceptions.CachefileNotFoundException: Cannot find .requestcache file in CRAB project directory /data6/Users/yeonjoon/NanoAODToolsForDummy/CMSSW_13_0_10/src/NanoAODToolsForDummy/crab_projects/crab_2022_QCDB-4Jets_HT-40to100_TuneCP5_13p6TeV_madgraphMLM-pythia8
INFO 2024-06-27 15:11:13.609 UTC: 	 Log file is /data6/Users/yeonjoon/NanoAODToolsForDummy/CMSSW_13_0_10/src/NanoAODToolsForDummy/crab.log
